C51 COMPILER V9.57.0.0   DELAY                                                             03/19/2023 08:50:33 PAGE 1   


C51 COMPILER V9.57.0.0, COMPILATION OF MODULE DELAY
OBJECT MODULE PLACED IN .\Objects\delay.obj
COMPILER INVOKED BY: G:\keil\C51\BIN\C51.EXE delay.c BROWSE DEBUG OBJECTEXTEND PRINT(.\Listings\delay.lst) OBJECT(.\Obje
                    -cts\delay.obj)

line level    source

   1          #include "delay.h"
   2          
   3          /**
   4           * @brief 延时指定的ms数
   5           *
   6           * @param ms 要延时的ms数
   7           */
   8          void delay_ms(unsigned int ms)
   9          {
  10   1          unsigned int i;
  11   1          do
  12   1          {
  13   2              i = 125;
  14   2              while (--i)
  15   2                  ;
  16   2          } while (--ms);
  17   1      }
  18          
  19          // /**
  20          //  * @brief 延时10us
  21          //  *
  22          //  */
  23          // void delay_10us(void)
  24          // {
  25          //     unsigned char i;
  26          //     _nop_();
  27          //     i = 2;
  28          //     while (--i)
  29          //         ;
  30          // }


MODULE INFORMATION:   STATIC OVERLAYABLE
   CODE SIZE        =     23    ----
   CONSTANT SIZE    =   ----    ----
   XDATA SIZE       =   ----    ----
   PDATA SIZE       =   ----    ----
   DATA SIZE        =   ----    ----
   IDATA SIZE       =   ----    ----
   BIT SIZE         =   ----    ----
END OF MODULE INFORMATION.


C51 COMPILATION COMPLETE.  0 WARNING(S),  0 ERROR(S)
