C51 COMPILER V9.57.0.0   MAIN                                                              03/19/2023 08:51:09 PAGE 1   


C51 COMPILER V9.57.0.0, COMPILATION OF MODULE MAIN
OBJECT MODULE PLACED IN .\Objects\main.obj
COMPILER INVOKED BY: G:\keil\C51\BIN\C51.EXE main.c BROWSE DEBUG OBJECTEXTEND PRINT(.\Listings\main.lst) OBJECT(.\Object
                    -s\main.obj)

line level    source

   1          #include "reg52.h"
   2          #include "stdio.h"
   3          #include "delay.h"
   4          #include "keypad.h"
   5          #include "timer0.h"
   6          #include "lcd12864.h"
   7          
   8          sbit Stepper_A = P3 ^ 4;
   9          sbit Stepper_B = P3 ^ 7;
  10          sbit Stepper_C = P3 ^ 6;
  11          sbit Stepper_D = P3 ^ 5;
  12          
  13          /**
  14           * ÷ 切换夜间和白天
  15           * C\ON 结束本次行程
  16           * + 按下重新开始行程
  17           * = 切换行驶, 暂停模式
  18           * 9 起步价增加, 8起步价减少
  19           * 6 行程单价增加, 5行程单价减少
  20           */
  21          char FormatString[17] = {0};               // 用于格式化字符串
  22          bit Waiting_Mode = 0;                              // 是否等待模式
  23          bit Charging_Mode = 1;                             // 储存收费模式
  24          unsigned int Stepper_Step = 0;             // 储存步进电机运转步数
  25          unsigned int Total_Travel = 0;             // 储存总行程
  26          unsigned int Total_Charging = 0;           // 储存收费价格
  27          unsigned char Price[4] = {4, 2, 1, 5}; // 储存夜间, 白天, 停止收费, 起步价
  28          unsigned char PressKey = 0;                        // 储存按下的按键
  29          unsigned char TimersCount[2] = {0};        // 用于按钮消抖
  30          unsigned char Timer0_Count = 0;            // 定时器0中断计数
  31          
  32          /**
  33           * @brief 定时器0中断回调函数
  34           *
  35           */
  36          void Timer0_Callback(void) interrupt 1
  37          {
  38   1              TL0 = 0xF0;                                             // 设置定时器0初值
  39   1              TH0 = 0xD8;                                             // 设置定时器0初值
  40   1              if (Waiting_Mode)                               // 如果是等待
  41   1                      Total_Charging += Price[2]; // 计算等待价格
  42   1              else
  43   1              {
  44   2                      Total_Travel += 1;                                                      // 计算行程
  45   2                      if (Total_Travel >= 500)                                        // 行程500后在计算费用
  46   2                              Total_Charging += Price[Charging_Mode]; // 计算行驶价格
  47   2                      switch (Stepper_Step++)                                         // 根据步数驱动电机
  48   2                      {
  49   3                      case 1:
  50   3                              Stepper_A = 1;
  51   3                              Stepper_B = 0;
  52   3                              Stepper_C = 0;
  53   3                              Stepper_D = 0;
  54   3                              break;
C51 COMPILER V9.57.0.0   MAIN                                                              03/19/2023 08:51:09 PAGE 2   

  55   3                      case 2:
  56   3                              Stepper_A = 1;
  57   3                              Stepper_B = 1;
  58   3                              Stepper_C = 0;
  59   3                              Stepper_D = 0;
  60   3                              break;
  61   3                      case 3:
  62   3                              Stepper_A = 0;
  63   3                              Stepper_B = 1;
  64   3                              Stepper_C = 0;
  65   3                              Stepper_D = 0;
  66   3                              break;
  67   3                      case 4:
  68   3                              Stepper_A = 0;
  69   3                              Stepper_B = 1;
  70   3                              Stepper_C = 1;
  71   3                              Stepper_D = 0;
  72   3                              break;
  73   3                      case 5:
  74   3                              Stepper_A = 0;
  75   3                              Stepper_B = 0;
  76   3                              Stepper_C = 1;
  77   3                              Stepper_D = 0;
  78   3                              break;
  79   3                      case 6:
  80   3                              Stepper_A = 0;
  81   3                              Stepper_B = 0;
  82   3                              Stepper_C = 1;
  83   3                              Stepper_D = 1;
  84   3                              break;
  85   3                      case 7:
  86   3                              Stepper_A = 0;
  87   3                              Stepper_B = 0;
  88   3                              Stepper_C = 0;
  89   3                              Stepper_D = 1;
  90   3                              break;
  91   3                      case 8:
  92   3                              Stepper_A = 1;
  93   3                              Stepper_B = 0;
  94   3                              Stepper_C = 0;
  95   3                              Stepper_D = 1;
  96   3                              Stepper_Step = 0;
  97   3                              break;
  98   3                      }
  99   2              }
 100   1      }
 101          void main(void)
 102          {
 103   1              LCD_Init();        // 初始化LCD
 104   1              Timer0_Init(); // 初始化定时器0
 105   1              sprintf(FormatString, "%s单价: %d\0",
 106   1                              Charging_Mode ? "白天" : "夜间",
 107   1                              (int)Price[Charging_Mode]);                                                // 格式化字符串
 108   1              LCD_ShowString(0, 0, FormatString);                                                // 显示字符串
 109   1              sprintf(FormatString, "起步价: %d     \0", (int)Price[3]); // 格式化字符串
 110   1              LCD_ShowString(1, 0, FormatString);                                                // 显示字符串
 111   1              LCD_ShowString(2, 0, "当前行程: 0.00  ");                                  // 显示字符串
 112   1              LCD_ShowString(3, 0, "行程总价: 0.00  ");                                  // 显示字符串
 113   1      
 114   1              while (1)
 115   1              {
 116   2                      if (TimersCount[0] == 0 && TR0 == 1)                                            // 如果刷新屏幕时间为0, 且定时器0运行中
C51 COMPILER V9.57.0.0   MAIN                                                              03/19/2023 08:51:09 PAGE 3   

 117   2                      {
 118   3                              TimersCount[0] = 800;                                                                   // 刷新屏幕时间设置为800ms
 119   3                              sprintf(FormatString, "当前行程: %d.%02d  ", 
 120   3                                      (int)Total_Travel / 100, (int)Total_Travel % 100);      // 格式化字符串
 121   3                              LCD_ShowString(2, 0, FormatString);                                             // 显示字符串
 122   3                              sprintf(FormatString, "行程总价: %d.%02d  ", 
 123   3                                      (int)Total_Charging / 100, (int)Total_Charging % 100); // 格式化字符串
 124   3                              LCD_ShowString(3, 0, FormatString);                                             // 显示字符串
 125   3                      }
 126   2                      PressKey = KeypadScan();                                                                        // 扫描按键
 127   2                      if (PressKey && TimersCount[1] == 0)                                            // 如果按键按下, 且消抖时间为0
 128   2                      {
 129   3                              TimersCount[1] = 200;                                                                   // 消抖时间200ms
 130   3                              if (PressKey == '=')                                                                    // 如果按下'='键, 切换运行状态
 131   3                                      Waiting_Mode = !Waiting_Mode;                                           // 翻转等待状态
 132   3                              else if (PressKey == 'A' && TR0 == 0)                                   // 如果按下'/'键
 133   3                              {
 134   4                                      Charging_Mode = !Charging_Mode;                                         // 翻转收费模式
 135   4                                      sprintf(FormatString, "%s单价: %d",
 136   4                                                      Charging_Mode ? "白天" : "夜间",
 137   4                                                      (int)Price[Charging_Mode]);                             // 格式化字符串
 138   4                                      LCD_ShowString(0, 0, FormatString);                             // 显示字符串
 139   4                              }
 140   3                              else if (PressKey == '9')                                                               // 如果9按下
 141   3                              {
 142   4                                      Price[3]++;             // 起步价增加
 143   4                                      sprintf(FormatString, "起步价: %d          ", (int)Price[3]); // 格式化字符串
 144   4                                      LCD_ShowString(1, 0, FormatString);                                                       // 显示字符串
 145   4                              }
 146   3                              else if (PressKey == '8') // 如果8按下
 147   3                              {
 148   4                                      if (Price[3] > 1)                                                                                         // 如果起步价大于1
 149   4                                              Price[3]--;                                                                                               // 起步价减少
 150   4                                      sprintf(FormatString, "起步价: %d          ", (int)Price[3]); // 格式化字符串
 151   4                                      LCD_ShowString(1, 0, FormatString);                                                       // 显示字符串
 152   4                              }
 153   3                              else if (PressKey == '6') // 如果6按下
 154   3                              {
 155   4                                      Price[Charging_Mode]++; // 行程单价增加
 156   4                                      sprintf(FormatString, "%s单价: %d   ",
 157   4                                                      Charging_Mode ? "白天" : "夜间",
 158   4                                                      (int)Price[Charging_Mode]); // 格式化字符串
 159   4                                      LCD_ShowString(0, 0, FormatString); // 显示字符串
 160   4                              }
 161   3                              else if (PressKey == '5') // 如果5按下
 162   3                              {
 163   4                                      if (Price[Charging_Mode] > 1) // 如果行程单价大于1
 164   4                                              Price[Charging_Mode]--;   // 行程单价减少
 165   4                                      sprintf(FormatString, "%s单价: %d   ",
 166   4                                                      Charging_Mode ? "白天" : "夜间",
 167   4                                                      (int)Price[Charging_Mode]); // 格式化字符串
 168   4                                      LCD_ShowString(0, 0, FormatString); // 显示字符串
 169   4                              }
 170   3                              else if (PressKey == '/' && TR0 == 1) // 如果C/ON按下, 且定时器是运行的
 171   3                              {
 172   4                                      TR0 = 0;// 定时器停止运行
 173   4                                      sprintf(FormatString, "总行程: %d.%02d  ", (int)Total_Travel / 100, (int)Total_Travel % 100);           // 格式
             -化字符串
 174   4                                      LCD_ShowString(2, 0, FormatString);// 显示字符串
 175   4                                      sprintf(FormatString, "行程总价: %d.%02d  ", (int)Total_Charging / 100, (int)Total_Charging % 100); //
             - 格式化字符串
 176   4                                      LCD_ShowString(3, 0, FormatString);// 显示字符串
C51 COMPILER V9.57.0.0   MAIN                                                              03/19/2023 08:51:09 PAGE 4   

 177   4                              }
 178   3                              else if (PressKey == 'D' && TR0 == 0)           // 如果+按下, 且定时器是停止的
 179   3                              {
 180   4                                      Total_Travel = 0;                                               // 行程清0
 181   4                                      Total_Charging = (Price[3] * 100);              // 添加起步价
 182   4                                      Waiting_Mode = 0;                                               // 退出等待模式
 183   4                                      sprintf(FormatString, "当前行程: %d.%02d  ", (int)Total_Travel / 100, (int)Total_Travel % 100);
 184   4                                                                                                                      // 格式化字符串
 185   4                                      LCD_ShowString(2, 0, FormatString);             // 显示字符串
 186   4                                      sprintf(FormatString, "行程总价: %d.%02d  ", (int)Total_Charging / 100, (int)Total_Charging % 100);
 187   4                                                                                                                      // 格式化字符串
 188   4                                      LCD_ShowString(3, 0, FormatString);             // 显示字符串
 189   4                                      TL0 = 0xF0;                                                             // 设置定时器0初值
 190   4                                      TH0 = 0xD8;                                                             // 设置定时器0初值
 191   4                                      TR0 = 1;                                                                // 定时器开始运行
 192   4                                                                                                                      // 开启总中断
 193   4                              }
 194   3                      }
 195   2                      if (TimersCount[0] != 0) // 如果刷新时间不为0
 196   2                              TimersCount[0]--;        // 刷新时间自减
 197   2                      if (TimersCount[1] != 0) // 如果消抖时间不为0
 198   2                              TimersCount[1]--;        // 消抖时间自减
 199   2                      delay_ms(1);                     // 等待1ms
 200   2              }
 201   1      }


MODULE INFORMATION:   STATIC OVERLAYABLE
   CODE SIZE        =   1123    ----
   CONSTANT SIZE    =    177    ----
   XDATA SIZE       =   ----    ----
   PDATA SIZE       =   ----    ----
   DATA SIZE        =     31    ----
   IDATA SIZE       =   ----    ----
   BIT SIZE         =      2    ----
END OF MODULE INFORMATION.


C51 COMPILATION COMPLETE.  0 WARNING(S),  0 ERROR(S)
