C51 COMPILER V9.57.0.0   TIMER0                                                            03/19/2023 08:50:33 PAGE 1   


C51 COMPILER V9.57.0.0, COMPILATION OF MODULE TIMER0
OBJECT MODULE PLACED IN .\Objects\timer0.obj
COMPILER INVOKED BY: G:\keil\C51\BIN\C51.EXE timer0.c BROWSE DEBUG OBJECTEXTEND PRINT(.\Listings\timer0.lst) OBJECT(.\Ob
                    -jects\timer0.obj)

line level    source

   1          #include "timer0.h"
   2          
   3          /**
   4           * @brief 初始化定时器0, 10ms中断
   5           *
   6           */
   7          void Timer0_Init(void)
   8          {
   9   1          TMOD &= 0xF0; // 清除定时器0模式
  10   1          TMOD |= 0x01; // 设置定时器0模式
  11   1          TL0 = 0xF0;   // 设置定时器0初值
  12   1          TH0 = 0xD8;   // 设置定时器0初值
  13   1          TF0 = 0;      // 清除TF0标识
  14   1          TR0 = 0;      // 定时器0停止计时
  15   1          ET0 = 1;      // 开启定时器0中断
  16   1          EA = 1;       // 开启总中断
  17   1      }


MODULE INFORMATION:   STATIC OVERLAYABLE
   CODE SIZE        =     21    ----
   CONSTANT SIZE    =   ----    ----
   XDATA SIZE       =   ----    ----
   PDATA SIZE       =   ----    ----
   DATA SIZE        =   ----    ----
   IDATA SIZE       =   ----    ----
   BIT SIZE         =   ----    ----
END OF MODULE INFORMATION.


C51 COMPILATION COMPLETE.  0 WARNING(S),  0 ERROR(S)
